# JRE version: Java(TM) SE Runtime Environment (7.0_75-b13) (build 1.7.0_75-b13)
# Java VM: Java HotSpot(TM) 64-Bit Server VM (24.75-b04 mixed mode windows-amd64 compressed oops)
Heap
 PSYoungGen      total 338944K, used 8836K [0x00000000eaa80000, 0x0000000100000000, 0x0000000100000000)
  eden space 333312K, 1% used [0x00000000eaa80000,0x00000000eade2c50,0x00000000ff000000)
  from space 5632K, 95% used [0x00000000ff000000,0x00000000ff53e5e0,0x00000000ff580000)
  to   space 8704K, 0% used [0x00000000ff780000,0x00000000ff780000,0x0000000100000000)
 ParOldGen       total 349696K, used 237626K [0x00000000c0000000, 0x00000000d5580000, 0x00000000eaa80000)
  object space 349696K, 67% used [0x00000000c0000000,0x00000000ce80e920,0x00000000d5580000)
 PSPermGen       total 21504K, used 20842K [0x00000000bae00000, 0x00000000bc300000, 0x00000000c0000000)
  object space 21504K, 96% used [0x00000000bae00000,0x00000000bc25aa98,0x00000000bc300000)
GC Heap History (10 events):
Event: 40.943 GC heap before
{Heap before GC invocations=147 (full 0):
 PSYoungGen      total 342016K, used 337584K [0x00000000eaa80000, 0x00000000fff00000, 0x0000000100000000)
  eden space 336384K, 100% used [0x00000000eaa80000,0x00000000ff300000,0x00000000ff300000)
  from space 5632K, 21% used [0x00000000ff980000,0x00000000ffaac1a0,0x00000000fff00000)
  to   space 6144K, 0% used [0x00000000ff300000,0x00000000ff300000,0x00000000ff900000)
 ParOldGen       total 349696K, used 221121K [0x00000000c0000000, 0x00000000d5580000, 0x00000000eaa80000)
  object space 349696K, 63% used [0x00000000c0000000,0x00000000cd7f0418,0x00000000d5580000)
 PSPermGen       total 21504K, used 19357K [0x00000000bae00000, 0x00000000bc300000, 0x00000000c0000000)
  object space 21504K, 90% used [0x00000000bae00000,0x00000000bc0e74c8,0x00000000bc300000)
Event: 40.946 GC heap after
Heap after GC invocations=147 (full 0):
 PSYoungGen      total 342528K, used 2845K [0x00000000eaa80000, 0x0000000100000000, 0x0000000100000000)
  eden space 336384K, 0% used [0x00000000eaa80000,0x00000000eaa80000,0x00000000ff300000)
  from space 6144K, 46% used [0x00000000ff300000,0x00000000ff5c7650,0x00000000ff900000)
  to   space 6144K, 0% used [0x00000000ffa00000,0x00000000ffa00000,0x0000000100000000)
 ParOldGen       total 349696K, used 221956K [0x00000000c0000000, 0x00000000d5580000, 0x00000000eaa80000)
  object space 349696K, 63% used [0x00000000c0000000,0x00000000cd8c1160,0x00000000d5580000)
 PSPermGen       total 21504K, used 19357K [0x00000000bae00000, 0x00000000bc300000, 0x00000000c0000000)
  object space 21504K, 90% used [0x00000000bae00000,0x00000000bc0e74c8,0x00000000bc300000)
}
Event: 41.414 GC heap before
{Heap before GC invocations=148 (full 0):
 PSYoungGen      total 342528K, used 339229K [0x00000000eaa80000, 0x0000000100000000, 0x0000000100000000)
  eden space 336384K, 100% used [0x00000000eaa80000,0x00000000ff300000,0x00000000ff300000)
  from space 6144K, 46% used [0x00000000ff300000,0x00000000ff5c7650,0x00000000ff900000)
  to   space 6144K, 0% used [0x00000000ffa00000,0x00000000ffa00000,0x0000000100000000)
 ParOldGen       total 349696K, used 221956K [0x00000000c0000000, 0x00000000d5580000, 0x00000000eaa80000)
  object space 349696K, 63% used [0x00000000c0000000,0x00000000cd8c1160,0x00000000d5580000)
 PSPermGen       total 21504K, used 20625K [0x00000000bae00000, 0x00000000bc300000, 0x00000000c0000000)
  object space 21504K, 95% used [0x00000000bae00000,0x00000000bc224660,0x00000000bc300000)
Event: 41.420 GC heap after
Heap after GC invocations=148 (full 0):
 PSYoungGen      total 339456K, used 6120K [0x00000000eaa80000, 0x0000000100000000, 0x0000000100000000)
  eden space 333312K, 0% used [0x00000000eaa80000,0x00000000eaa80000,0x00000000ff000000)
  from space 6144K, 99% used [0x00000000ffa00000,0x00000000ffffa238,0x0000000100000000)
  to   space 8192K, 0% used [0x00000000ff000000,0x00000000ff000000,0x00000000ff800000)
 ParOldGen       total 349696K, used 224720K [0x00000000c0000000, 0x00000000d5580000, 0x00000000eaa80000)
  object space 349696K, 64% used [0x00000000c0000000,0x00000000cdb74380,0x00000000d5580000)
 PSPermGen       total 21504K, used 20625K [0x00000000bae00000, 0x00000000bc300000, 0x00000000c0000000)
  object space 21504K, 95% used [0x00000000bae00000,0x00000000bc224660,0x00000000bc300000)
}
Event: 41.737 GC heap before
{Heap before GC invocations=149 (full 0):
 PSYoungGen      total 339456K, used 339432K [0x00000000eaa80000, 0x0000000100000000, 0x0000000100000000)
  eden space 333312K, 100% used [0x00000000eaa80000,0x00000000ff000000,0x00000000ff000000)
  from space 6144K, 99% used [0x00000000ffa00000,0x00000000ffffa238,0x0000000100000000)
  to   space 8192K, 0% used [0x00000000ff000000,0x00000000ff000000,0x00000000ff800000)
 ParOldGen       total 349696K, used 224720K [0x00000000c0000000, 0x00000000d5580000, 0x00000000eaa80000)
  object space 349696K, 64% used [0x00000000c0000000,0x00000000cdb74380,0x00000000d5580000)
 PSPermGen       total 21504K, used 20691K [0x00000000bae00000, 0x00000000bc300000, 0x00000000c0000000)
  object space 21504K, 96% used [0x00000000bae00000,0x00000000bc234e98,0x00000000bc300000)
Event: 41.743 GC heap after
Heap after GC invocations=149 (full 0):
 PSYoungGen      total 341504K, used 2582K [0x00000000eaa80000, 0x0000000100000000, 0x0000000100000000)
  eden space 333312K, 0% used [0x00000000eaa80000,0x00000000eaa80000,0x00000000ff000000)
  from space 8192K, 31% used [0x00000000ff000000,0x00000000ff285bc8,0x00000000ff800000)
  to   space 7680K, 0% used [0x00000000ff880000,0x00000000ff880000,0x0000000100000000)
 ParOldGen       total 349696K, used 230001K [0x00000000c0000000, 0x00000000d5580000, 0x00000000eaa80000)
  object space 349696K, 65% used [0x00000000c0000000,0x00000000ce09c788,0x00000000d5580000)
 PSPermGen       total 21504K, used 20691K [0x00000000bae00000, 0x00000000bc300000, 0x00000000c0000000)
  object space 21504K, 96% used [0x00000000bae00000,0x00000000bc234e98,0x00000000bc300000)
}
Event: 42.034 GC heap before
{Heap before GC invocations=150 (full 0):
 PSYoungGen      total 341504K, used 335894K [0x00000000eaa80000, 0x0000000100000000, 0x0000000100000000)
  eden space 333312K, 100% used [0x00000000eaa80000,0x00000000ff000000,0x00000000ff000000)
  from space 8192K, 31% used [0x00000000ff000000,0x00000000ff285bc8,0x00000000ff800000)
  to   space 7680K, 0% used [0x00000000ff880000,0x00000000ff880000,0x0000000100000000)
 ParOldGen       total 349696K, used 230001K [0x00000000c0000000, 0x00000000d5580000, 0x00000000eaa80000)
  object space 349696K, 65% used [0x00000000c0000000,0x00000000ce09c788,0x00000000d5580000)
 PSPermGen       total 21504K, used 20727K [0x00000000bae00000, 0x00000000bc300000, 0x00000000c0000000)
  object space 21504K, 96% used [0x00000000bae00000,0x00000000bc23ddb0,0x00000000bc300000)
Event: 42.040 GC heap after
Heap after GC invocations=150 (full 0):
 PSYoungGen      total 340992K, used 5890K [0x00000000eaa80000, 0x0000000100000000, 0x0000000100000000)
  eden space 333312K, 0% used [0x00000000eaa80000,0x00000000eaa80000,0x00000000ff000000)
  from space 7680K, 76% used [0x00000000ff880000,0x00000000ffe408f8,0x0000000100000000)
  to   space 8192K, 0% used [0x00000000ff000000,0x00000000ff000000,0x00000000ff800000)
 ParOldGen       total 349696K, used 232356K [0x00000000c0000000, 0x00000000d5580000, 0x00000000eaa80000)
  object space 349696K, 66% used [0x00000000c0000000,0x00000000ce2e9370,0x00000000d5580000)
 PSPermGen       total 21504K, used 20727K [0x00000000bae00000, 0x00000000bc300000, 0x00000000c0000000)
  object space 21504K, 96% used [0x00000000bae00000,0x00000000bc23ddb0,0x00000000bc300000)
}
Event: 42.479 GC heap before
{Heap before GC invocations=151 (full 0):
 PSYoungGen      total 340992K, used 339202K [0x00000000eaa80000, 0x0000000100000000, 0x0000000100000000)
  eden space 333312K, 100% used [0x00000000eaa80000,0x00000000ff000000,0x00000000ff000000)
  from space 7680K, 76% used [0x00000000ff880000,0x00000000ffe408f8,0x0000000100000000)
  to   space 8192K, 0% used [0x00000000ff000000,0x00000000ff000000,0x00000000ff800000)
 ParOldGen       total 349696K, used 232356K [0x00000000c0000000, 0x00000000d5580000, 0x00000000eaa80000)
  object space 349696K, 66% used [0x00000000c0000000,0x00000000ce2e9370,0x00000000d5580000)
 PSPermGen       total 21504K, used 20842K [0x00000000bae00000, 0x00000000bc300000, 0x00000000c0000000)
  object space 21504K, 96% used [0x00000000bae00000,0x00000000bc25aa98,0x00000000bc300000)
Event: 42.486 GC heap after
Heap after GC invocations=151 (full 0):
 PSYoungGen      total 338944K, used 5369K [0x00000000eaa80000, 0x0000000100000000, 0x0000000100000000)
  eden space 333312K, 0% used [0x00000000eaa80000,0x00000000eaa80000,0x00000000ff000000)
  from space 5632K, 95% used [0x00000000ff000000,0x00000000ff53e5e0,0x00000000ff580000)
  to   space 8704K, 0% used [0x00000000ff780000,0x00000000ff780000,0x0000000100000000)
 ParOldGen       total 349696K, used 237626K [0x00000000c0000000, 0x00000000d5580000, 0x00000000eaa80000)
  object space 349696K, 67% used [0x00000000c0000000,0x00000000ce80e920,0x00000000d5580000)
 PSPermGen       total 21504K, used 20842K [0x00000000bae00000, 0x00000000bc300000, 0x00000000c0000000)
  object space 21504K, 96% used [0x00000000bae00000,0x00000000bc25aa98,0x00000000bc300000)
}

