# JRE version: Java(TM) SE Runtime Environment (7.0_75-b13) (build 1.7.0_75-b13)
# Java VM: Java HotSpot(TM) 64-Bit Server VM (24.75-b04 mixed mode windows-amd64 compressed oops)
Heap
 PSYoungGen      total 340480K, used 88985K [0x00000000eaa80000, 0x0000000100000000, 0x0000000100000000)
  eden space 332288K, 24% used [0x00000000eaa80000,0x00000000efb8f988,0x00000000fef00000)
  from space 8192K, 72% used [0x00000000ff800000,0x00000000ffdd6d38,0x0000000100000000)
  to   space 8704K, 0% used [0x00000000fef00000,0x00000000fef00000,0x00000000ff780000)
 ParOldGen       total 349696K, used 254173K [0x00000000c0000000, 0x00000000d5580000, 0x00000000eaa80000)
  object space 349696K, 72% used [0x00000000c0000000,0x00000000cf8374c8,0x00000000d5580000)
 PSPermGen       total 21504K, used 20641K [0x00000000bae00000, 0x00000000bc300000, 0x00000000c0000000)
  object space 21504K, 95% used [0x00000000bae00000,0x00000000bc2287f0,0x00000000bc300000)
GC Heap History (10 events):
Event: 38.050 GC heap before
{Heap before GC invocations=150 (full 0):
 PSYoungGen      total 342528K, used 338766K [0x00000000eaa80000, 0x0000000100000000, 0x0000000100000000)
  eden space 335360K, 100% used [0x00000000eaa80000,0x00000000ff200000,0x00000000ff200000)
  from space 7168K, 47% used [0x00000000ff200000,0x00000000ff553990,0x00000000ff900000)
  to   space 7168K, 0% used [0x00000000ff900000,0x00000000ff900000,0x0000000100000000)
 ParOldGen       total 349696K, used 234380K [0x00000000c0000000, 0x00000000d5580000, 0x00000000eaa80000)
  object space 349696K, 67% used [0x00000000c0000000,0x00000000ce4e3148,0x00000000d5580000)
 PSPermGen       total 21504K, used 20581K [0x00000000bae00000, 0x00000000bc300000, 0x00000000c0000000)
  object space 21504K, 95% used [0x00000000bae00000,0x00000000bc219550,0x00000000bc300000)
Event: 38.056 GC heap after
Heap after GC invocations=150 (full 0):
 PSYoungGen      total 338432K, used 7160K [0x00000000eaa80000, 0x0000000100000000, 0x0000000100000000)
  eden space 331264K, 0% used [0x00000000eaa80000,0x00000000eaa80000,0x00000000fee00000)
  from space 7168K, 99% used [0x00000000ff900000,0x00000000ffffe110,0x0000000100000000)
  to   space 9216K, 0% used [0x00000000fee00000,0x00000000fee00000,0x00000000ff700000)
 ParOldGen       total 349696K, used 237346K [0x00000000c0000000, 0x00000000d5580000, 0x00000000eaa80000)
  object space 349696K, 67% used [0x00000000c0000000,0x00000000ce7c8b60,0x00000000d5580000)
 PSPermGen       total 21504K, used 20581K [0x00000000bae00000, 0x00000000bc300000, 0x00000000c0000000)
  object space 21504K, 95% used [0x00000000bae00000,0x00000000bc219550,0x00000000bc300000)
}
Event: 38.317 GC heap before
{Heap before GC invocations=151 (full 0):
 PSYoungGen      total 338432K, used 338424K [0x00000000eaa80000, 0x0000000100000000, 0x0000000100000000)
  eden space 331264K, 100% used [0x00000000eaa80000,0x00000000fee00000,0x00000000fee00000)
  from space 7168K, 99% used [0x00000000ff900000,0x00000000ffffe110,0x0000000100000000)
  to   space 9216K, 0% used [0x00000000fee00000,0x00000000fee00000,0x00000000ff700000)
 ParOldGen       total 349696K, used 237346K [0x00000000c0000000, 0x00000000d5580000, 0x00000000eaa80000)
  object space 349696K, 67% used [0x00000000c0000000,0x00000000ce7c8b60,0x00000000d5580000)
 PSPermGen       total 21504K, used 20584K [0x00000000bae00000, 0x00000000bc300000, 0x00000000c0000000)
  object space 21504K, 95% used [0x00000000bae00000,0x00000000bc21a300,0x00000000bc300000)
Event: 38.324 GC heap after
Heap after GC invocations=151 (full 0):
 PSYoungGen      total 340480K, used 4205K [0x00000000eaa80000, 0x0000000100000000, 0x0000000100000000)
  eden space 331264K, 0% used [0x00000000eaa80000,0x00000000eaa80000,0x00000000fee00000)
  from space 9216K, 45% used [0x00000000fee00000,0x00000000ff21b660,0x00000000ff700000)
  to   space 8704K, 0% used [0x00000000ff780000,0x00000000ff780000,0x0000000100000000)
 ParOldGen       total 349696K, used 244150K [0x00000000c0000000, 0x00000000d5580000, 0x00000000eaa80000)
  object space 349696K, 69% used [0x00000000c0000000,0x00000000cee6db90,0x00000000d5580000)
 PSPermGen       total 21504K, used 20584K [0x00000000bae00000, 0x00000000bc300000, 0x00000000c0000000)
  object space 21504K, 95% used [0x00000000bae00000,0x00000000bc21a300,0x00000000bc300000)
}
Event: 38.643 GC heap before
{Heap before GC invocations=152 (full 0):
 PSYoungGen      total 340480K, used 335469K [0x00000000eaa80000, 0x0000000100000000, 0x0000000100000000)
  eden space 331264K, 100% used [0x00000000eaa80000,0x00000000fee00000,0x00000000fee00000)
  from space 9216K, 45% used [0x00000000fee00000,0x00000000ff21b660,0x00000000ff700000)
  to   space 8704K, 0% used [0x00000000ff780000,0x00000000ff780000,0x0000000100000000)
 ParOldGen       total 349696K, used 244150K [0x00000000c0000000, 0x00000000d5580000, 0x00000000eaa80000)
  object space 349696K, 69% used [0x00000000c0000000,0x00000000cee6db90,0x00000000d5580000)
 PSPermGen       total 21504K, used 20598K [0x00000000bae00000, 0x00000000bc300000, 0x00000000c0000000)
  object space 21504K, 95% used [0x00000000bae00000,0x00000000bc21d978,0x00000000bc300000)
Event: 38.649 GC heap after
Heap after GC invocations=152 (full 0):
 PSYoungGen      total 338944K, used 4112K [0x00000000eaa80000, 0x00000000ffe80000, 0x0000000100000000)
  eden space 331776K, 0% used [0x00000000eaa80000,0x00000000eaa80000,0x00000000fee80000)
  from space 7168K, 57% used [0x00000000ff780000,0x00000000ffb84010,0x00000000ffe80000)
  to   space 8192K, 0% used [0x00000000fee80000,0x00000000fee80000,0x00000000ff680000)
 ParOldGen       total 349696K, used 248094K [0x00000000c0000000, 0x00000000d5580000, 0x00000000eaa80000)
  object space 349696K, 70% used [0x00000000c0000000,0x00000000cf2478e0,0x00000000d5580000)
 PSPermGen       total 21504K, used 20598K [0x00000000bae00000, 0x00000000bc300000, 0x00000000c0000000)
  object space 21504K, 95% used [0x00000000bae00000,0x00000000bc21d978,0x00000000bc300000)
}
Event: 38.917 GC heap before
{Heap before GC invocations=153 (full 0):
 PSYoungGen      total 338944K, used 335888K [0x00000000eaa80000, 0x00000000ffe80000, 0x0000000100000000)
  eden space 331776K, 100% used [0x00000000eaa80000,0x00000000fee80000,0x00000000fee80000)
  from space 7168K, 57% used [0x00000000ff780000,0x00000000ffb84010,0x00000000ffe80000)
  to   space 8192K, 0% used [0x00000000fee80000,0x00000000fee80000,0x00000000ff680000)
 ParOldGen       total 349696K, used 248094K [0x00000000c0000000, 0x00000000d5580000, 0x00000000eaa80000)
  object space 349696K, 70% used [0x00000000c0000000,0x00000000cf2478e0,0x00000000d5580000)
 PSPermGen       total 21504K, used 20612K [0x00000000bae00000, 0x00000000bc300000, 0x00000000c0000000)
  object space 21504K, 95% used [0x00000000bae00000,0x00000000bc221138,0x00000000bc300000)
Event: 38.922 GC heap after
Heap after GC invocations=153 (full 0):
 PSYoungGen      total 339968K, used 2166K [0x00000000eaa80000, 0x0000000100000000, 0x0000000100000000)
  eden space 331776K, 0% used [0x00000000eaa80000,0x00000000eaa80000,0x00000000fee80000)
  from space 8192K, 26% used [0x00000000fee80000,0x00000000ff09dbc8,0x00000000ff680000)
  to   space 8192K, 0% used [0x00000000ff800000,0x00000000ff800000,0x0000000100000000)
 ParOldGen       total 349696K, used 252086K [0x00000000c0000000, 0x00000000d5580000, 0x00000000eaa80000)
  object space 349696K, 72% used [0x00000000c0000000,0x00000000cf62d8f0,0x00000000d5580000)
 PSPermGen       total 21504K, used 20612K [0x00000000bae00000, 0x00000000bc300000, 0x00000000c0000000)
  object space 21504K, 95% used [0x00000000bae00000,0x00000000bc221138,0x00000000bc300000)
}
Event: 39.205 GC heap before
{Heap before GC invocations=154 (full 0):
 PSYoungGen      total 339968K, used 333942K [0x00000000eaa80000, 0x0000000100000000, 0x0000000100000000)
  eden space 331776K, 100% used [0x00000000eaa80000,0x00000000fee80000,0x00000000fee80000)
  from space 8192K, 26% used [0x00000000fee80000,0x00000000ff09dbc8,0x00000000ff680000)
  to   space 8192K, 0% used [0x00000000ff800000,0x00000000ff800000,0x0000000100000000)
 ParOldGen       total 349696K, used 252086K [0x00000000c0000000, 0x00000000d5580000, 0x00000000eaa80000)
  object space 349696K, 72% used [0x00000000c0000000,0x00000000cf62d8f0,0x00000000d5580000)
 PSPermGen       total 21504K, used 20619K [0x00000000bae00000, 0x00000000bc300000, 0x00000000c0000000)
  object space 21504K, 95% used [0x00000000bae00000,0x00000000bc222d08,0x00000000bc300000)
Event: 39.211 GC heap after
Heap after GC invocations=154 (full 0):
 PSYoungGen      total 340480K, used 5979K [0x00000000eaa80000, 0x0000000100000000, 0x0000000100000000)
  eden space 332288K, 0% used [0x00000000eaa80000,0x00000000eaa80000,0x00000000fef00000)
  from space 8192K, 72% used [0x00000000ff800000,0x00000000ffdd6d38,0x0000000100000000)
  to   space 8704K, 0% used [0x00000000fef00000,0x00000000fef00000,0x00000000ff780000)
 ParOldGen       total 349696K, used 254173K [0x00000000c0000000, 0x00000000d5580000, 0x00000000eaa80000)
  object space 349696K, 72% used [0x00000000c0000000,0x00000000cf8374c8,0x00000000d5580000)
 PSPermGen       total 21504K, used 20619K [0x00000000bae00000, 0x00000000bc300000, 0x00000000c0000000)
  object space 21504K, 95% used [0x00000000bae00000,0x00000000bc222d08,0x00000000bc300000)
}

