# JRE version: Java(TM) SE Runtime Environment (7.0_75-b13) (build 1.7.0_75-b13)
# Java VM: Java HotSpot(TM) 64-Bit Server VM (24.75-b04 mixed mode windows-amd64 compressed oops)
Heap
 PSYoungGen      total 679936K, used 111101K [0x00000007d5c00000, 0x0000000800000000, 0x0000000800000000)
  eden space 667648K, 16% used [0x00000007d5c00000,0x00000007dc87f7f0,0x00000007fe800000)
  from space 12288K, 0% used [0x00000007ff400000,0x00000007ff400000,0x0000000800000000)
  to   space 12288K, 0% used [0x00000007fe800000,0x00000007fe800000,0x00000007ff400000)
 ParOldGen       total 123392K, used 67265K [0x0000000781400000, 0x0000000788c80000, 0x00000007d5c00000)
  object space 123392K, 54% used [0x0000000781400000,0x00000007855b06b8,0x0000000788c80000)
 PSPermGen       total 83968K, used 66923K [0x000000077c200000, 0x0000000781400000, 0x0000000781400000)
  object space 83968K, 79% used [0x000000077c200000,0x000000078035ad08,0x0000000781400000)
GC Heap History (10 events):
Event: 14.176 GC heap before
{Heap before GC invocations=21 (full 0):
 PSYoungGen      total 417792K, used 411343K [0x00000007d5c00000, 0x00000007f0180000, 0x0000000800000000)
  eden space 403968K, 100% used [0x00000007d5c00000,0x00000007ee680000,0x00000007ee680000)
  from space 13824K, 53% used [0x00000007ef400000,0x00000007efb33eb8,0x00000007f0180000)
  to   space 13824K, 0% used [0x00000007ee680000,0x00000007ee680000,0x00000007ef400000)
 ParOldGen       total 86528K, used 61701K [0x0000000781400000, 0x0000000786880000, 0x00000007d5c00000)
  object space 86528K, 71% used [0x0000000781400000,0x0000000785041740,0x0000000786880000)
 PSPermGen       total 67072K, used 66801K [0x000000077c200000, 0x0000000780380000, 0x0000000781400000)
  object space 67072K, 99% used [0x000000077c200000,0x000000078033c598,0x0000000780380000)
Event: 14.184 GC heap after
Heap after GC invocations=21 (full 0):
 PSYoungGen      total 417792K, used 4799K [0x00000007d5c00000, 0x00000007f9e80000, 0x0000000800000000)
  eden space 403968K, 0% used [0x00000007d5c00000,0x00000007d5c00000,0x00000007ee680000)
  from space 13824K, 34% used [0x00000007ee680000,0x00000007eeb2fe78,0x00000007ef400000)
  to   space 13312K, 0% used [0x00000007f9180000,0x00000007f9180000,0x00000007f9e80000)
 ParOldGen       total 86528K, used 67945K [0x0000000781400000, 0x0000000786880000, 0x00000007d5c00000)
  object space 86528K, 78% used [0x0000000781400000,0x000000078565a7e0,0x0000000786880000)
 PSPermGen       total 67072K, used 66801K [0x000000077c200000, 0x0000000780380000, 0x0000000781400000)
  object space 67072K, 99% used [0x000000077c200000,0x000000078033c598,0x0000000780380000)
}
Event: 14.625 GC heap before
{Heap before GC invocations=22 (full 0):
 PSYoungGen      total 417792K, used 408767K [0x00000007d5c00000, 0x00000007f9e80000, 0x0000000800000000)
  eden space 403968K, 100% used [0x00000007d5c00000,0x00000007ee680000,0x00000007ee680000)
  from space 13824K, 34% used [0x00000007ee680000,0x00000007eeb2fe78,0x00000007ef400000)
  to   space 13312K, 0% used [0x00000007f9180000,0x00000007f9180000,0x00000007f9e80000)
 ParOldGen       total 86528K, used 67945K [0x0000000781400000, 0x0000000786880000, 0x00000007d5c00000)
  object space 86528K, 78% used [0x0000000781400000,0x000000078565a7e0,0x0000000786880000)
 PSPermGen       total 67072K, used 66852K [0x000000077c200000, 0x0000000780380000, 0x0000000781400000)
  object space 67072K, 99% used [0x000000077c200000,0x0000000780349298,0x0000000780380000)
Event: 14.632 GC heap after
Heap after GC invocations=22 (full 0):
 PSYoungGen      total 577024K, used 5344K [0x00000007d5c00000, 0x00000007f9c80000, 0x0000000800000000)
  eden space 565760K, 0% used [0x00000007d5c00000,0x00000007d5c00000,0x00000007f8480000)
  from space 11264K, 47% used [0x00000007f9180000,0x00000007f96b8040,0x00000007f9c80000)
  to   space 12288K, 0% used [0x00000007f8480000,0x00000007f8480000,0x00000007f9080000)
 ParOldGen       total 86528K, used 72396K [0x0000000781400000, 0x0000000786880000, 0x00000007d5c00000)
  object space 86528K, 83% used [0x0000000781400000,0x0000000785ab3038,0x0000000786880000)
 PSPermGen       total 67072K, used 66852K [0x000000077c200000, 0x0000000780380000, 0x0000000781400000)
  object space 67072K, 99% used [0x000000077c200000,0x0000000780349298,0x0000000780380000)
}
Event: 15.182 GC heap before
{Heap before GC invocations=23 (full 0):
 PSYoungGen      total 577024K, used 571104K [0x00000007d5c00000, 0x00000007f9c80000, 0x0000000800000000)
  eden space 565760K, 100% used [0x00000007d5c00000,0x00000007f8480000,0x00000007f8480000)
  from space 11264K, 47% used [0x00000007f9180000,0x00000007f96b8040,0x00000007f9c80000)
  to   space 12288K, 0% used [0x00000007f8480000,0x00000007f8480000,0x00000007f9080000)
 ParOldGen       total 86528K, used 72396K [0x0000000781400000, 0x0000000786880000, 0x00000007d5c00000)
  object space 86528K, 83% used [0x0000000781400000,0x0000000785ab3038,0x0000000786880000)
 PSPermGen       total 67072K, used 66884K [0x000000077c200000, 0x0000000780380000, 0x0000000781400000)
  object space 67072K, 99% used [0x000000077c200000,0x00000007803510f0,0x0000000780380000)
Event: 15.191 GC heap after
Heap after GC invocations=23 (full 0):
 PSYoungGen      total 578048K, used 7095K [0x00000007d5c00000, 0x0000000800000000, 0x0000000800000000)
  eden space 565760K, 0% used [0x00000007d5c00000,0x00000007d5c00000,0x00000007f8480000)
  from space 12288K, 57% used [0x00000007f8480000,0x00000007f8b6dfc8,0x00000007f9080000)
  to   space 12288K, 0% used [0x00000007ff400000,0x00000007ff400000,0x0000000800000000)
 ParOldGen       total 86528K, used 77492K [0x0000000781400000, 0x0000000786880000, 0x00000007d5c00000)
  object space 86528K, 89% used [0x0000000781400000,0x0000000785fad078,0x0000000786880000)
 PSPermGen       total 67072K, used 66884K [0x000000077c200000, 0x0000000780380000, 0x0000000781400000)
  object space 67072K, 99% used [0x000000077c200000,0x00000007803510f0,0x0000000780380000)
}
Event: 15.687 GC heap before
{Heap before GC invocations=24 (full 0):
 PSYoungGen      total 578048K, used 572855K [0x00000007d5c00000, 0x0000000800000000, 0x0000000800000000)
  eden space 565760K, 100% used [0x00000007d5c00000,0x00000007f8480000,0x00000007f8480000)
  from space 12288K, 57% used [0x00000007f8480000,0x00000007f8b6dfc8,0x00000007f9080000)
  to   space 12288K, 0% used [0x00000007ff400000,0x00000007ff400000,0x0000000800000000)
 ParOldGen       total 86528K, used 77492K [0x0000000781400000, 0x0000000786880000, 0x00000007d5c00000)
  object space 86528K, 89% used [0x0000000781400000,0x0000000785fad078,0x0000000786880000)
 PSPermGen       total 67072K, used 66957K [0x000000077c200000, 0x0000000780380000, 0x0000000781400000)
  object space 67072K, 99% used [0x000000077c200000,0x00000007803635f0,0x0000000780380000)
Event: 15.698 GC heap after
Heap after GC invocations=24 (full 0):
 PSYoungGen      total 679936K, used 7494K [0x00000007d5c00000, 0x0000000800000000, 0x0000000800000000)
  eden space 667648K, 0% used [0x00000007d5c00000,0x00000007d5c00000,0x00000007fe800000)
  from space 12288K, 60% used [0x00000007ff400000,0x00000007ffb518a8,0x0000000800000000)
  to   space 12288K, 0% used [0x00000007fe800000,0x00000007fe800000,0x00000007ff400000)
 ParOldGen       total 86528K, used 83703K [0x0000000781400000, 0x0000000786880000, 0x00000007d5c00000)
  object space 86528K, 96% used [0x0000000781400000,0x00000007865bdfd8,0x0000000786880000)
 PSPermGen       total 67072K, used 66957K [0x000000077c200000, 0x0000000780380000, 0x0000000781400000)
  object space 67072K, 99% used [0x000000077c200000,0x00000007803635f0,0x0000000780380000)
}
Event: 15.698 GC heap before
{Heap before GC invocations=25 (full 1):
 PSYoungGen      total 679936K, used 7494K [0x00000007d5c00000, 0x0000000800000000, 0x0000000800000000)
  eden space 667648K, 0% used [0x00000007d5c00000,0x00000007d5c00000,0x00000007fe800000)
  from space 12288K, 60% used [0x00000007ff400000,0x00000007ffb518a8,0x0000000800000000)
  to   space 12288K, 0% used [0x00000007fe800000,0x00000007fe800000,0x00000007ff400000)
 ParOldGen       total 86528K, used 83703K [0x0000000781400000, 0x0000000786880000, 0x00000007d5c00000)
  object space 86528K, 96% used [0x0000000781400000,0x00000007865bdfd8,0x0000000786880000)
 PSPermGen       total 67072K, used 66957K [0x000000077c200000, 0x0000000780380000, 0x0000000781400000)
  object space 67072K, 99% used [0x000000077c200000,0x00000007803635f0,0x0000000780380000)
Event: 15.909 GC heap after
Heap after GC invocations=25 (full 1):
 PSYoungGen      total 679936K, used 0K [0x00000007d5c00000, 0x0000000800000000, 0x0000000800000000)
  eden space 667648K, 0% used [0x00000007d5c00000,0x00000007d5c00000,0x00000007fe800000)
  from space 12288K, 0% used [0x00000007ff400000,0x00000007ff400000,0x0000000800000000)
  to   space 12288K, 0% used [0x00000007fe800000,0x00000007fe800000,0x00000007ff400000)
 ParOldGen       total 123392K, used 67265K [0x0000000781400000, 0x0000000788c80000, 0x00000007d5c00000)
  object space 123392K, 54% used [0x0000000781400000,0x00000007855b06b8,0x0000000788c80000)
 PSPermGen       total 83968K, used 66908K [0x000000077c200000, 0x0000000781400000, 0x0000000781400000)
  object space 83968K, 79% used [0x000000077c200000,0x0000000780357390,0x0000000781400000)
}

