# JRE version: Java(TM) SE Runtime Environment (7.0_67-b01) (build 1.7.0_67-b01)
# Java VM: Java HotSpot(TM) 64-Bit Server VM (24.65-b04 mixed mode bsd-amd64 compressed oops)
Heap
 PSYoungGen      total 285696K, used 27981K [0x00000007eaa80000, 0x00000007fd680000, 0x0000000800000000)
  eden space 264192K, 2% used [0x00000007eaa80000,0x00000007eb0d47e8,0x00000007fac80000)
  from space 21504K, 99% used [0x00000007fc180000,0x00000007fd67edd8,0x00000007fd680000)
  to   space 21504K, 0% used [0x00000007fac80000,0x00000007fac80000,0x00000007fc180000)
 ParOldGen       total 349696K, used 1617K [0x00000007c0000000, 0x00000007d5580000, 0x00000007eaa80000)
  object space 349696K, 0% used [0x00000007c0000000,0x00000007c0194458,0x00000007d5580000)
 PSPermGen       total 21504K, used 17413K [0x00000007bae00000, 0x00000007bc300000, 0x00000007c0000000)
  object space 21504K, 80% used [0x00000007bae00000,0x00000007bbf01480,0x00000007bc300000)
GC Heap History (4 events):
Event: 1.097 GC heap before
{Heap before GC invocations=1 (full 0):
 PSYoungGen      total 153600K, used 132096K [0x00000007eaa80000, 0x00000007f5580000, 0x0000000800000000)
  eden space 132096K, 100% used [0x00000007eaa80000,0x00000007f2b80000,0x00000007f2b80000)
  from space 21504K, 0% used [0x00000007f4080000,0x00000007f4080000,0x00000007f5580000)
  to   space 21504K, 0% used [0x00000007f2b80000,0x00000007f2b80000,0x00000007f4080000)
 ParOldGen       total 349696K, used 0K [0x00000007c0000000, 0x00000007d5580000, 0x00000007eaa80000)
  object space 349696K, 0% used [0x00000007c0000000,0x00000007c0000000,0x00000007d5580000)
 PSPermGen       total 21504K, used 14834K [0x00000007bae00000, 0x00000007bc300000, 0x00000007c0000000)
  object space 21504K, 68% used [0x00000007bae00000,0x00000007bbc7ca90,0x00000007bc300000)
Event: 1.109 GC heap after
Heap after GC invocations=1 (full 0):
 PSYoungGen      total 153600K, used 20430K [0x00000007eaa80000, 0x00000007fd680000, 0x0000000800000000)
  eden space 132096K, 0% used [0x00000007eaa80000,0x00000007eaa80000,0x00000007f2b80000)
  from space 21504K, 95% used [0x00000007f2b80000,0x00000007f3f73b30,0x00000007f4080000)
  to   space 21504K, 0% used [0x00000007fc180000,0x00000007fc180000,0x00000007fd680000)
 ParOldGen       total 349696K, used 8K [0x00000007c0000000, 0x00000007d5580000, 0x00000007eaa80000)
  object space 349696K, 0% used [0x00000007c0000000,0x00000007c0002000,0x00000007d5580000)
 PSPermGen       total 21504K, used 14834K [0x00000007bae00000, 0x00000007bc300000, 0x00000007c0000000)
  object space 21504K, 68% used [0x00000007bae00000,0x00000007bbc7ca90,0x00000007bc300000)
}
Event: 1.797 GC heap before
{Heap before GC invocations=2 (full 0):
 PSYoungGen      total 153600K, used 152526K [0x00000007eaa80000, 0x00000007fd680000, 0x0000000800000000)
  eden space 132096K, 100% used [0x00000007eaa80000,0x00000007f2b80000,0x00000007f2b80000)
  from space 21504K, 95% used [0x00000007f2b80000,0x00000007f3f73b30,0x00000007f4080000)
  to   space 21504K, 0% used [0x00000007fc180000,0x00000007fc180000,0x00000007fd680000)
 ParOldGen       total 349696K, used 8K [0x00000007c0000000, 0x00000007d5580000, 0x00000007eaa80000)
  object space 349696K, 0% used [0x00000007c0000000,0x00000007c0002000,0x00000007d5580000)
 PSPermGen       total 21504K, used 17402K [0x00000007bae00000, 0x00000007bc300000, 0x00000007c0000000)
  object space 21504K, 80% used [0x00000007bae00000,0x00000007bbefeb68,0x00000007bc300000)
Event: 1.810 GC heap after
Heap after GC invocations=2 (full 0):
 PSYoungGen      total 285696K, used 21499K [0x00000007eaa80000, 0x00000007fd680000, 0x0000000800000000)
  eden space 264192K, 0% used [0x00000007eaa80000,0x00000007eaa80000,0x00000007fac80000)
  from space 21504K, 99% used [0x00000007fc180000,0x00000007fd67edd8,0x00000007fd680000)
  to   space 21504K, 0% used [0x00000007fac80000,0x00000007fac80000,0x00000007fc180000)
 ParOldGen       total 349696K, used 1617K [0x00000007c0000000, 0x00000007d5580000, 0x00000007eaa80000)
  object space 349696K, 0% used [0x00000007c0000000,0x00000007c0194458,0x00000007d5580000)
 PSPermGen       total 21504K, used 17402K [0x00000007bae00000, 0x00000007bc300000, 0x00000007c0000000)
  object space 21504K, 80% used [0x00000007bae00000,0x00000007bbefeb68,0x00000007bc300000)
}

