-------------------------------------------------------------------------------
Test set: org.joda.time.TestAllPackages
-------------------------------------------------------------------------------
Tests run: 4043, Failures: 1, Errors: 0, Skipped: 0, Time elapsed: 3.447 sec <<< FAILURE! - in org.joda.time.TestAllPackages
testConstructorEx7_TypeArray_intArray(org.joda.time.TestPartial_Constructors)  Time elapsed: 0.003 sec  <<< FAILURE!
junit.framework.AssertionFailedError
	at junit.framework.Assert.fail(Assert.java:47)
	at junit.framework.Assert.fail(Assert.java:53)
	at org.joda.time.TestPartial_Constructors.testConstructorEx7_TypeArray_intArray(TestPartial_Constructors.java:284)

